Determining if the include file link.h exists failed with the following output:
Change Dir: /Users/JoeWillsher/developer/swift_llvm/build/CMakeFiles/CMakeTmp

Run Build Command:"/usr/bin/make" "cmTC_1d69e/fast"
/Applications/Xcode.app/Contents/Developer/usr/bin/make -f CMakeFiles/cmTC_1d69e.dir/build.make CMakeFiles/cmTC_1d69e.dir/build
Building C object CMakeFiles/cmTC_1d69e.dir/CheckIncludeFile.c.o
/Applications/Xcode.app/Contents/Developer/Toolchains/XcodeDefault.xctoolchain/usr/bin/cc   -isysroot /Applications/Xcode.app/Contents/Developer/Platforms/MacOSX.platform/Developer/SDKs/MacOSX10.11.sdk   -o CMakeFiles/cmTC_1d69e.dir/CheckIncludeFile.c.o   -c /Users/JoeWillsher/developer/swift_llvm/build/CMakeFiles/CMakeTmp/CheckIncludeFile.c
/Users/JoeWillsher/developer/swift_llvm/build/CMakeFiles/CMakeTmp/CheckIncludeFile.c:1:10: fatal error: 'link.h' file not found
#include <link.h>
         ^
1 error generated.
make[1]: *** [CMakeFiles/cmTC_1d69e.dir/CheckIncludeFile.c.o] Error 1
make: *** [cmTC_1d69e/fast] Error 2


Determining if the include file malloc.h exists failed with the following output:
Change Dir: /Users/JoeWillsher/developer/swift_llvm/build/CMakeFiles/CMakeTmp

Run Build Command:"/usr/bin/make" "cmTC_c3cbb/fast"
/Applications/Xcode.app/Contents/Developer/usr/bin/make -f CMakeFiles/cmTC_c3cbb.dir/build.make CMakeFiles/cmTC_c3cbb.dir/build
Building C object CMakeFiles/cmTC_c3cbb.dir/CheckIncludeFile.c.o
/Applications/Xcode.app/Contents/Developer/Toolchains/XcodeDefault.xctoolchain/usr/bin/cc   -isysroot /Applications/Xcode.app/Contents/Developer/Platforms/MacOSX.platform/Developer/SDKs/MacOSX10.11.sdk   -o CMakeFiles/cmTC_c3cbb.dir/CheckIncludeFile.c.o   -c /Users/JoeWillsher/developer/swift_llvm/build/CMakeFiles/CMakeTmp/CheckIncludeFile.c
/Users/JoeWillsher/developer/swift_llvm/build/CMakeFiles/CMakeTmp/CheckIncludeFile.c:1:10: fatal error: 'malloc.h' file not found
#include <malloc.h>
         ^
1 error generated.
make[1]: *** [CMakeFiles/cmTC_c3cbb.dir/CheckIncludeFile.c.o] Error 1
make: *** [cmTC_c3cbb/fast] Error 2


Determining if the include file ndir.h exists failed with the following output:
Change Dir: /Users/JoeWillsher/developer/swift_llvm/build/CMakeFiles/CMakeTmp

Run Build Command:"/usr/bin/make" "cmTC_f8ded/fast"
/Applications/Xcode.app/Contents/Developer/usr/bin/make -f CMakeFiles/cmTC_f8ded.dir/build.make CMakeFiles/cmTC_f8ded.dir/build
Building C object CMakeFiles/cmTC_f8ded.dir/CheckIncludeFile.c.o
/Applications/Xcode.app/Contents/Developer/Toolchains/XcodeDefault.xctoolchain/usr/bin/cc   -isysroot /Applications/Xcode.app/Contents/Developer/Platforms/MacOSX.platform/Developer/SDKs/MacOSX10.11.sdk   -o CMakeFiles/cmTC_f8ded.dir/CheckIncludeFile.c.o   -c /Users/JoeWillsher/developer/swift_llvm/build/CMakeFiles/CMakeTmp/CheckIncludeFile.c
/Users/JoeWillsher/developer/swift_llvm/build/CMakeFiles/CMakeTmp/CheckIncludeFile.c:1:10: fatal error: 'ndir.h' file not found
#include <ndir.h>
         ^
1 error generated.
make[1]: *** [CMakeFiles/cmTC_f8ded.dir/CheckIncludeFile.c.o] Error 1
make: *** [cmTC_f8ded/fast] Error 2


Determining if the include file sys/ndir.h exists failed with the following output:
Change Dir: /Users/JoeWillsher/developer/swift_llvm/build/CMakeFiles/CMakeTmp

Run Build Command:"/usr/bin/make" "cmTC_ca0f5/fast"
/Applications/Xcode.app/Contents/Developer/usr/bin/make -f CMakeFiles/cmTC_ca0f5.dir/build.make CMakeFiles/cmTC_ca0f5.dir/build
Building C object CMakeFiles/cmTC_ca0f5.dir/CheckIncludeFile.c.o
/Applications/Xcode.app/Contents/Developer/Toolchains/XcodeDefault.xctoolchain/usr/bin/cc   -isysroot /Applications/Xcode.app/Contents/Developer/Platforms/MacOSX.platform/Developer/SDKs/MacOSX10.11.sdk   -o CMakeFiles/cmTC_ca0f5.dir/CheckIncludeFile.c.o   -c /Users/JoeWillsher/developer/swift_llvm/build/CMakeFiles/CMakeTmp/CheckIncludeFile.c
/Users/JoeWillsher/developer/swift_llvm/build/CMakeFiles/CMakeTmp/CheckIncludeFile.c:1:10: fatal error: 'sys/ndir.h' file not found
#include <sys/ndir.h>
         ^
1 error generated.
make[1]: *** [CMakeFiles/cmTC_ca0f5.dir/CheckIncludeFile.c.o] Error 1
make: *** [cmTC_ca0f5/fast] Error 2


Determining if the include file valgrind/valgrind.h exists failed with the following output:
Change Dir: /Users/JoeWillsher/developer/swift_llvm/build/CMakeFiles/CMakeTmp

Run Build Command:"/usr/bin/make" "cmTC_3e260/fast"
/Applications/Xcode.app/Contents/Developer/usr/bin/make -f CMakeFiles/cmTC_3e260.dir/build.make CMakeFiles/cmTC_3e260.dir/build
Building C object CMakeFiles/cmTC_3e260.dir/CheckIncludeFile.c.o
/Applications/Xcode.app/Contents/Developer/Toolchains/XcodeDefault.xctoolchain/usr/bin/cc   -isysroot /Applications/Xcode.app/Contents/Developer/Platforms/MacOSX.platform/Developer/SDKs/MacOSX10.11.sdk   -o CMakeFiles/cmTC_3e260.dir/CheckIncludeFile.c.o   -c /Users/JoeWillsher/developer/swift_llvm/build/CMakeFiles/CMakeTmp/CheckIncludeFile.c
/Users/JoeWillsher/developer/swift_llvm/build/CMakeFiles/CMakeTmp/CheckIncludeFile.c:1:10: fatal error: 'valgrind/valgrind.h' file not found
#include <valgrind/valgrind.h>
         ^
1 error generated.
make[1]: *** [CMakeFiles/cmTC_3e260.dir/CheckIncludeFile.c.o] Error 1
make: *** [cmTC_3e260/fast] Error 2


Determining if the function clock_gettime exists in the rt failed with the following output:
Change Dir: /Users/JoeWillsher/developer/swift_llvm/build/CMakeFiles/CMakeTmp

Run Build Command:"/usr/bin/make" "cmTC_06cf5/fast"
/Applications/Xcode.app/Contents/Developer/usr/bin/make -f CMakeFiles/cmTC_06cf5.dir/build.make CMakeFiles/cmTC_06cf5.dir/build
Building C object CMakeFiles/cmTC_06cf5.dir/CheckFunctionExists.c.o
/Applications/Xcode.app/Contents/Developer/Toolchains/XcodeDefault.xctoolchain/usr/bin/cc   -DCHECK_FUNCTION_EXISTS=clock_gettime -isysroot /Applications/Xcode.app/Contents/Developer/Platforms/MacOSX.platform/Developer/SDKs/MacOSX10.11.sdk   -o CMakeFiles/cmTC_06cf5.dir/CheckFunctionExists.c.o   -c /Applications/CMake.app/Contents/share/cmake-3.3/Modules/CheckFunctionExists.c
Linking C executable cmTC_06cf5
/Applications/CMake.app/Contents/bin/cmake -E cmake_link_script CMakeFiles/cmTC_06cf5.dir/link.txt --verbose=1
/Applications/Xcode.app/Contents/Developer/Toolchains/XcodeDefault.xctoolchain/usr/bin/cc   -DCHECK_FUNCTION_EXISTS=clock_gettime -isysroot /Applications/Xcode.app/Contents/Developer/Platforms/MacOSX.platform/Developer/SDKs/MacOSX10.11.sdk -Wl,-search_paths_first -Wl,-headerpad_max_install_names   CMakeFiles/cmTC_06cf5.dir/CheckFunctionExists.c.o  -o cmTC_06cf5  -lrt -lm 
ld: library not found for -lrt
clang: error: linker command failed with exit code 1 (use -v to see invocation)
make[1]: *** [cmTC_06cf5] Error 1
make: *** [cmTC_06cf5/fast] Error 2


Determining if the function setupterm exists in the tinfo failed with the following output:
Change Dir: /Users/JoeWillsher/developer/swift_llvm/build/CMakeFiles/CMakeTmp

Run Build Command:"/usr/bin/make" "cmTC_3d760/fast"
/Applications/Xcode.app/Contents/Developer/usr/bin/make -f CMakeFiles/cmTC_3d760.dir/build.make CMakeFiles/cmTC_3d760.dir/build
Building C object CMakeFiles/cmTC_3d760.dir/CheckFunctionExists.c.o
/Applications/Xcode.app/Contents/Developer/Toolchains/XcodeDefault.xctoolchain/usr/bin/cc   -DCHECK_FUNCTION_EXISTS=setupterm -isysroot /Applications/Xcode.app/Contents/Developer/Platforms/MacOSX.platform/Developer/SDKs/MacOSX10.11.sdk   -o CMakeFiles/cmTC_3d760.dir/CheckFunctionExists.c.o   -c /Applications/CMake.app/Contents/share/cmake-3.3/Modules/CheckFunctionExists.c
Linking C executable cmTC_3d760
/Applications/CMake.app/Contents/bin/cmake -E cmake_link_script CMakeFiles/cmTC_3d760.dir/link.txt --verbose=1
/Applications/Xcode.app/Contents/Developer/Toolchains/XcodeDefault.xctoolchain/usr/bin/cc   -DCHECK_FUNCTION_EXISTS=setupterm -isysroot /Applications/Xcode.app/Contents/Developer/Platforms/MacOSX.platform/Developer/SDKs/MacOSX10.11.sdk -Wl,-search_paths_first -Wl,-headerpad_max_install_names   CMakeFiles/cmTC_3d760.dir/CheckFunctionExists.c.o  -o cmTC_3d760  -ltinfo -lm 
ld: library not found for -ltinfo
clang: error: linker command failed with exit code 1 (use -v to see invocation)
make[1]: *** [cmTC_3d760] Error 1
make: *** [cmTC_3d760/fast] Error 2


Determining if the function setupterm exists in the terminfo failed with the following output:
Change Dir: /Users/JoeWillsher/developer/swift_llvm/build/CMakeFiles/CMakeTmp

Run Build Command:"/usr/bin/make" "cmTC_a7b02/fast"
/Applications/Xcode.app/Contents/Developer/usr/bin/make -f CMakeFiles/cmTC_a7b02.dir/build.make CMakeFiles/cmTC_a7b02.dir/build
Building C object CMakeFiles/cmTC_a7b02.dir/CheckFunctionExists.c.o
/Applications/Xcode.app/Contents/Developer/Toolchains/XcodeDefault.xctoolchain/usr/bin/cc   -DCHECK_FUNCTION_EXISTS=setupterm -isysroot /Applications/Xcode.app/Contents/Developer/Platforms/MacOSX.platform/Developer/SDKs/MacOSX10.11.sdk   -o CMakeFiles/cmTC_a7b02.dir/CheckFunctionExists.c.o   -c /Applications/CMake.app/Contents/share/cmake-3.3/Modules/CheckFunctionExists.c
Linking C executable cmTC_a7b02
/Applications/CMake.app/Contents/bin/cmake -E cmake_link_script CMakeFiles/cmTC_a7b02.dir/link.txt --verbose=1
/Applications/Xcode.app/Contents/Developer/Toolchains/XcodeDefault.xctoolchain/usr/bin/cc   -DCHECK_FUNCTION_EXISTS=setupterm -isysroot /Applications/Xcode.app/Contents/Developer/Platforms/MacOSX.platform/Developer/SDKs/MacOSX10.11.sdk -Wl,-search_paths_first -Wl,-headerpad_max_install_names   CMakeFiles/cmTC_a7b02.dir/CheckFunctionExists.c.o  -o cmTC_a7b02  -lterminfo -lm 
ld: library not found for -lterminfo
clang: error: linker command failed with exit code 1 (use -v to see invocation)
make[1]: *** [cmTC_a7b02] Error 1
make: *** [cmTC_a7b02/fast] Error 2


Determining if the futimens exist failed with the following output:
Change Dir: /Users/JoeWillsher/developer/swift_llvm/build/CMakeFiles/CMakeTmp

Run Build Command:"/usr/bin/make" "cmTC_32057/fast"
/Applications/Xcode.app/Contents/Developer/usr/bin/make -f CMakeFiles/cmTC_32057.dir/build.make CMakeFiles/cmTC_32057.dir/build
Building C object CMakeFiles/cmTC_32057.dir/CheckSymbolExists.c.o
/Applications/Xcode.app/Contents/Developer/Toolchains/XcodeDefault.xctoolchain/usr/bin/cc   -isysroot /Applications/Xcode.app/Contents/Developer/Platforms/MacOSX.platform/Developer/SDKs/MacOSX10.11.sdk   -o CMakeFiles/cmTC_32057.dir/CheckSymbolExists.c.o   -c /Users/JoeWillsher/developer/swift_llvm/build/CMakeFiles/CMakeTmp/CheckSymbolExists.c
/Users/JoeWillsher/developer/swift_llvm/build/CMakeFiles/CMakeTmp/CheckSymbolExists.c:8:19: error: use of undeclared identifier 'futimens'
  return ((int*)(&futimens))[argc];
                  ^
1 error generated.
make[1]: *** [CMakeFiles/cmTC_32057.dir/CheckSymbolExists.c.o] Error 1
make: *** [cmTC_32057/fast] Error 2

File /Users/JoeWillsher/developer/swift_llvm/build/CMakeFiles/CMakeTmp/CheckSymbolExists.c:
/* */
#include <sys/stat.h>

int main(int argc, char** argv)
{
  (void)argv;
#ifndef futimens
  return ((int*)(&futimens))[argc];
#else
  (void)argc;
  return 0;
#endif
}

Determining if the mallctl exist failed with the following output:
Change Dir: /Users/JoeWillsher/developer/swift_llvm/build/CMakeFiles/CMakeTmp

Run Build Command:"/usr/bin/make" "cmTC_81a8e/fast"
/Applications/Xcode.app/Contents/Developer/usr/bin/make -f CMakeFiles/cmTC_81a8e.dir/build.make CMakeFiles/cmTC_81a8e.dir/build
Building C object CMakeFiles/cmTC_81a8e.dir/CheckSymbolExists.c.o
/Applications/Xcode.app/Contents/Developer/Toolchains/XcodeDefault.xctoolchain/usr/bin/cc   -isysroot /Applications/Xcode.app/Contents/Developer/Platforms/MacOSX.platform/Developer/SDKs/MacOSX10.11.sdk   -o CMakeFiles/cmTC_81a8e.dir/CheckSymbolExists.c.o   -c /Users/JoeWillsher/developer/swift_llvm/build/CMakeFiles/CMakeTmp/CheckSymbolExists.c
/Users/JoeWillsher/developer/swift_llvm/build/CMakeFiles/CMakeTmp/CheckSymbolExists.c:2:10: fatal error: 'malloc_np.h' file not found
#include <malloc_np.h>
         ^
1 error generated.
make[1]: *** [CMakeFiles/cmTC_81a8e.dir/CheckSymbolExists.c.o] Error 1
make: *** [cmTC_81a8e/fast] Error 2

File /Users/JoeWillsher/developer/swift_llvm/build/CMakeFiles/CMakeTmp/CheckSymbolExists.c:
/* */
#include <malloc_np.h>

int main(int argc, char** argv)
{
  (void)argv;
#ifndef mallctl
  return ((int*)(&mallctl))[argc];
#else
  (void)argc;
  return 0;
#endif
}

Determining if the mallinfo exist failed with the following output:
Change Dir: /Users/JoeWillsher/developer/swift_llvm/build/CMakeFiles/CMakeTmp

Run Build Command:"/usr/bin/make" "cmTC_1f41b/fast"
/Applications/Xcode.app/Contents/Developer/usr/bin/make -f CMakeFiles/cmTC_1f41b.dir/build.make CMakeFiles/cmTC_1f41b.dir/build
Building C object CMakeFiles/cmTC_1f41b.dir/CheckSymbolExists.c.o
/Applications/Xcode.app/Contents/Developer/Toolchains/XcodeDefault.xctoolchain/usr/bin/cc   -isysroot /Applications/Xcode.app/Contents/Developer/Platforms/MacOSX.platform/Developer/SDKs/MacOSX10.11.sdk   -o CMakeFiles/cmTC_1f41b.dir/CheckSymbolExists.c.o   -c /Users/JoeWillsher/developer/swift_llvm/build/CMakeFiles/CMakeTmp/CheckSymbolExists.c
/Users/JoeWillsher/developer/swift_llvm/build/CMakeFiles/CMakeTmp/CheckSymbolExists.c:2:10: fatal error: 'malloc.h' file not found
#include <malloc.h>
         ^
1 error generated.
make[1]: *** [CMakeFiles/cmTC_1f41b.dir/CheckSymbolExists.c.o] Error 1
make: *** [cmTC_1f41b/fast] Error 2

File /Users/JoeWillsher/developer/swift_llvm/build/CMakeFiles/CMakeTmp/CheckSymbolExists.c:
/* */
#include <malloc.h>

int main(int argc, char** argv)
{
  (void)argv;
#ifndef mallinfo
  return ((int*)(&mallinfo))[argc];
#else
  (void)argc;
  return 0;
#endif
}

Determining if the strerror_s exist failed with the following output:
Change Dir: /Users/JoeWillsher/developer/swift_llvm/build/CMakeFiles/CMakeTmp

Run Build Command:"/usr/bin/make" "cmTC_54694/fast"
/Applications/Xcode.app/Contents/Developer/usr/bin/make -f CMakeFiles/cmTC_54694.dir/build.make CMakeFiles/cmTC_54694.dir/build
Building C object CMakeFiles/cmTC_54694.dir/CheckSymbolExists.c.o
/Applications/Xcode.app/Contents/Developer/Toolchains/XcodeDefault.xctoolchain/usr/bin/cc   -isysroot /Applications/Xcode.app/Contents/Developer/Platforms/MacOSX.platform/Developer/SDKs/MacOSX10.11.sdk   -o CMakeFiles/cmTC_54694.dir/CheckSymbolExists.c.o   -c /Users/JoeWillsher/developer/swift_llvm/build/CMakeFiles/CMakeTmp/CheckSymbolExists.c
/Users/JoeWillsher/developer/swift_llvm/build/CMakeFiles/CMakeTmp/CheckSymbolExists.c:8:19: error: use of undeclared identifier 'strerror_s'; did you mean 'strerror_r'?
  return ((int*)(&strerror_s))[argc];
                  ^~~~~~~~~~
                  strerror_r
/Applications/Xcode.app/Contents/Developer/Platforms/MacOSX.platform/Developer/SDKs/MacOSX10.11.sdk/usr/include/string.h:116:6: note: 'strerror_r' declared here
int      strerror_r(int, char *, size_t);
         ^
1 error generated.
make[1]: *** [CMakeFiles/cmTC_54694.dir/CheckSymbolExists.c.o] Error 1
make: *** [cmTC_54694/fast] Error 2

File /Users/JoeWillsher/developer/swift_llvm/build/CMakeFiles/CMakeTmp/CheckSymbolExists.c:
/* */
#include <string.h>

int main(int argc, char** argv)
{
  (void)argv;
#ifndef strerror_s
  return ((int*)(&strerror_s))[argc];
#else
  (void)argc;
  return 0;
#endif
}

Determining if the __GLIBC__ exist failed with the following output:
Change Dir: /Users/JoeWillsher/developer/swift_llvm/build/CMakeFiles/CMakeTmp

Run Build Command:"/usr/bin/make" "cmTC_66021/fast"
/Applications/Xcode.app/Contents/Developer/usr/bin/make -f CMakeFiles/cmTC_66021.dir/build.make CMakeFiles/cmTC_66021.dir/build
Building C object CMakeFiles/cmTC_66021.dir/CheckSymbolExists.c.o
/Applications/Xcode.app/Contents/Developer/Toolchains/XcodeDefault.xctoolchain/usr/bin/cc   -isysroot /Applications/Xcode.app/Contents/Developer/Platforms/MacOSX.platform/Developer/SDKs/MacOSX10.11.sdk   -o CMakeFiles/cmTC_66021.dir/CheckSymbolExists.c.o   -c /Users/JoeWillsher/developer/swift_llvm/build/CMakeFiles/CMakeTmp/CheckSymbolExists.c
/Users/JoeWillsher/developer/swift_llvm/build/CMakeFiles/CMakeTmp/CheckSymbolExists.c:8:19: error: use of undeclared identifier '__GLIBC__'
  return ((int*)(&__GLIBC__))[argc];
                  ^
1 error generated.
make[1]: *** [CMakeFiles/cmTC_66021.dir/CheckSymbolExists.c.o] Error 1
make: *** [cmTC_66021/fast] Error 2

File /Users/JoeWillsher/developer/swift_llvm/build/CMakeFiles/CMakeTmp/CheckSymbolExists.c:
/* */
#include <stdio.h>

int main(int argc, char** argv)
{
  (void)argv;
#ifndef __GLIBC__
  return ((int*)(&__GLIBC__))[argc];
#else
  (void)argc;
  return 0;
#endif
}

